C:\USERS\LUISALEJANDRO\DOCUMENTS\VISUAL STUDIO 2012\PROJECTS\DBGSERVER\DBGSERVER\DEBUG\MAIN.OBJ
C:\USERS\LUISALEJANDRO\DOCUMENTS\VISUAL STUDIO 2012\PROJECTS\DBGSERVER\DBGSERVER\DEBUG\MESSAGE.OBJ
C:\USERS\LUISALEJANDRO\DOCUMENTS\VISUAL STUDIO 2012\PROJECTS\DBGSERVER\DBGSERVER\DEBUG\NETWORKMGR.OBJ
C:\USERS\LUISALEJANDRO\DOCUMENTS\VISUAL STUDIO 2012\PROJECTS\DBGSERVER\DBGSERVER\DEBUG\VC110.PDB
C:\USERS\LUISALEJANDRO\DOCUMENTS\VISUAL STUDIO 2012\PROJECTS\DBGSERVER\DEBUG\DBGSERVER.ILK
C:\USERS\LUISALEJANDRO\DOCUMENTS\VISUAL STUDIO 2012\PROJECTS\DBGSERVER\DEBUG\DBGSERVER.EXE
C:\USERS\LUISALEJANDRO\DOCUMENTS\VISUAL STUDIO 2012\PROJECTS\DBGSERVER\DEBUG\DBGSERVER.PDB
C:\Users\luisalejandro\Documents\Visual Studio 2012\Projects\DbgServer\DbgServer\Debug\main.obj
C:\Users\luisalejandro\Documents\Visual Studio 2012\Projects\DbgServer\DbgServer\Debug\message.obj
C:\Users\luisalejandro\Documents\Visual Studio 2012\Projects\DbgServer\DbgServer\Debug\NetworkMgr.obj
C:\Users\luisalejandro\Documents\Visual Studio 2012\Projects\DbgServer\DbgServer\Debug\cl.command.1.tlog
C:\Users\luisalejandro\Documents\Visual Studio 2012\Projects\DbgServer\DbgServer\Debug\CL.read.1.tlog
C:\Users\luisalejandro\Documents\Visual Studio 2012\Projects\DbgServer\DbgServer\Debug\CL.write.1.tlog
C:\Users\luisalejandro\Documents\Visual Studio 2012\Projects\DbgServer\DbgServer\Debug\link-cvtres.read.1.tlog
C:\Users\luisalejandro\Documents\Visual Studio 2012\Projects\DbgServer\DbgServer\Debug\link-cvtres.write.1.tlog
C:\Users\luisalejandro\Documents\Visual Studio 2012\Projects\DbgServer\DbgServer\Debug\link-rc.read.1.tlog
C:\Users\luisalejandro\Documents\Visual Studio 2012\Projects\DbgServer\DbgServer\Debug\link-rc.write.1.tlog
C:\Users\luisalejandro\Documents\Visual Studio 2012\Projects\DbgServer\DbgServer\Debug\link.command.1.tlog
C:\Users\luisalejandro\Documents\Visual Studio 2012\Projects\DbgServer\DbgServer\Debug\link.read.1.tlog
C:\Users\luisalejandro\Documents\Visual Studio 2012\Projects\DbgServer\DbgServer\Debug\link.write.1.tlog
C:\Users\luisalejandro\Documents\Visual Studio 2012\Projects\DbgServer\DbgServer\Debug\vc110.idb
C:\Users\luisalejandro\Documents\Visual Studio 2012\Projects\DbgServer\DbgServer\Debug\vc110.pdb
C:\Users\luisalejandro\Documents\Visual Studio 2012\Projects\DbgServer\Debug\DbgServer.pdb
C:\Users\luisalejandro\Documents\Visual Studio 2012\Projects\DbgServer\Debug\DbgServer.exe
C:\Users\luisalejandro\Documents\Visual Studio 2012\Projects\DbgServer\Debug\DbgServer.ilk
